2021-11-09 12:51:12.987 [main] INFO  it.eforhum.corsojava.oop.MainFatture - Archivio Fatture STARTED
2021-11-09 12:51:12.991 [main] DEBUG it.eforhum.corsojava.oop.ArchivioFatture - Build a new instance of ArchivioFatture [2020]
2021-11-09 12:51:12.996 [main] DEBUG it.eforhum.corsojava.oop.ArchivioFatture - Try to register a new fattura {0} {1} {2}
2021-11-09 12:51:12.997 [main] DEBUG it.eforhum.corsojava.oop.Cliente - richiamato metodo hash [{0}]
2021-11-09 12:51:12.998 [main] DEBUG it.eforhum.corsojava.oop.ArchivioFatture - Try to register a new fattura {0} {1} {2}
2021-11-09 12:51:12.998 [main] DEBUG it.eforhum.corsojava.oop.Cliente - richiamato metodo hash [{0}]
2021-11-09 12:51:12.998 [main] DEBUG it.eforhum.corsojava.oop.ArchivioFatture - Try to register a new fattura {0} {1} {2}
2021-11-09 12:51:12.998 [main] DEBUG it.eforhum.corsojava.oop.Cliente - richiamato metodo hash [{0}]
2021-11-09 12:51:12.998 [main] DEBUG it.eforhum.corsojava.oop.ArchivioFatture - Try to register a new fattura {0} {1} {2}
2021-11-09 12:51:12.998 [main] DEBUG it.eforhum.corsojava.oop.Cliente - richiamato metodo hash [{0}]
2021-11-09 12:51:12.999 [main] DEBUG it.eforhum.corsojava.oop.ArchivioFatture - Try to register a new fattura {0} {1} {2}
2021-11-09 12:51:12.999 [main] DEBUG it.eforhum.corsojava.oop.Cliente - richiamato metodo hash [{0}]
2021-11-09 12:51:12.999 [main] DEBUG it.eforhum.corsojava.oop.ArchivioFatture - Try to register a new fattura {0} {1} {2}
2021-11-09 12:51:12.999 [main] DEBUG it.eforhum.corsojava.oop.Cliente - richiamato metodo hash [{0}]
2021-11-09 12:51:12.999 [main] DEBUG it.eforhum.corsojava.oop.ArchivioFatture - Try to register a new fattura {0} {1} {2}
2021-11-09 12:51:12.999 [main] DEBUG it.eforhum.corsojava.oop.Cliente - richiamato metodo hash [{0}]
2021-11-09 12:51:12.999 [main] DEBUG it.eforhum.corsojava.oop.ArchivioFatture - Try to register a new fattura {0} {1} {2}
2021-11-09 12:51:13.000 [main] DEBUG it.eforhum.corsojava.oop.Cliente - richiamato metodo hash [{0}]
2021-11-09 12:51:13.001 [main] DEBUG it.eforhum.corsojava.oop.MainFatture - totale fatture 24400.0
2021-11-09 12:51:13.002 [main] DEBUG it.eforhum.corsojava.oop.MainFatture - Fattura [numero=1/2020, data=2021-08-01, importo=1500.0, cliente=Cliente [codice=0099, denominazione=cliente prova, piva=IT000000, indirizzo=via roma 1]]
2021-11-09 12:51:13.002 [main] DEBUG it.eforhum.corsojava.oop.MainFatture - Fattura [numero=2/2020, data=2021-09-05, importo=500.0, cliente=Cliente [codice=0002, denominazione=cliente prova 2, piva=IT0008768, indirizzo=via russo 4]]
2021-11-09 12:51:13.002 [main] DEBUG it.eforhum.corsojava.oop.MainFatture - Fattura [numero=3/2020, data=2021-10-22, importo=1700.0, cliente=Cliente [codice=0002, denominazione=cliente prova 2, piva=IT0008768, indirizzo=via russo 4]]
2021-11-09 12:51:13.002 [main] DEBUG it.eforhum.corsojava.oop.MainFatture - Fattura [numero=4/2020, data=2021-11-01, importo=1100.0, cliente=Cliente [codice=0002, denominazione=cliente prova 2, piva=IT0008768, indirizzo=via russo 4]]
2021-11-09 12:51:13.002 [main] DEBUG it.eforhum.corsojava.oop.MainFatture - Fattura [numero=5/2020, data=2021-11-05, importo=700.0, cliente=Cliente [codice=0099, denominazione=cliente prova, piva=IT000000, indirizzo=via roma 1]]
2021-11-09 12:51:13.003 [main] DEBUG it.eforhum.corsojava.oop.MainFatture - Fattura [numero=6/2020, data=2021-03-25, importo=4500.0, cliente=Cliente [codice=0011, denominazione=cliente prova 3, piva=IT0047474, indirizzo=viale leonardo da vinci 11/a]]
2021-11-09 12:51:13.003 [main] DEBUG it.eforhum.corsojava.oop.MainFatture - Fattura [numero=7/2020, data=2021-06-26, importo=5700.0, cliente=Cliente [codice=0011, denominazione=cliente prova 3, piva=IT0047474, indirizzo=viale leonardo da vinci 11/a]]
2021-11-09 12:51:13.003 [main] DEBUG it.eforhum.corsojava.oop.MainFatture - Fattura [numero=8/2020, data=2021-09-24, importo=8700.0, cliente=Cliente [codice=0011, denominazione=cliente prova 3, piva=IT0047474, indirizzo=viale leonardo da vinci 11/a]]
2021-11-09 12:51:13.003 [main] DEBUG it.eforhum.corsojava.oop.MainFatture - Cliente [codice=0011, denominazione=cliente prova 3, piva=IT0047474, indirizzo=viale leonardo da vinci 11/a]
2021-11-09 12:51:13.003 [main] DEBUG it.eforhum.corsojava.oop.MainFatture - Cliente [codice=0099, denominazione=cliente prova, piva=IT000000, indirizzo=via roma 1]
2021-11-09 12:51:13.003 [main] DEBUG it.eforhum.corsojava.oop.MainFatture - Cliente [codice=0002, denominazione=cliente prova 2, piva=IT0008768, indirizzo=via russo 4]
2021-11-09 12:51:13.003 [main] DEBUG it.eforhum.corsojava.oop.MainFatture - Tempo applicazione [18ms ]
2021-11-09 12:51:13.004 [main] INFO  it.eforhum.corsojava.oop.MainFatture - Archivio Fatture FINISHED
2021-11-09 12:53:16.010 [main] INFO  it.eforhum.corsojava.oop.MainFatture - Archivio Fatture STARTED
2021-11-09 12:53:16.015 [main] DEBUG it.eforhum.corsojava.oop.ArchivioFatture - Build a new instance of ArchivioFatture [2020]
2021-11-09 12:53:16.025 [main] DEBUG it.eforhum.corsojava.oop.ArchivioFatture - Try to register a new fattura 2021-08-01 1500.0 Cliente [codice=0099, denominazione=cliente prova, piva=IT000000, indirizzo=via roma 1]
2021-11-09 12:53:16.026 [main] DEBUG it.eforhum.corsojava.oop.Cliente - richiamato metodo hash [{0}]
2021-11-09 12:53:16.026 [main] DEBUG it.eforhum.corsojava.oop.ArchivioFatture - Try to register a new fattura 2021-09-05 500.0 Cliente [codice=0002, denominazione=cliente prova 2, piva=IT0008768, indirizzo=via russo 4]
2021-11-09 12:53:16.026 [main] DEBUG it.eforhum.corsojava.oop.Cliente - richiamato metodo hash [{0}]
2021-11-09 12:53:16.027 [main] DEBUG it.eforhum.corsojava.oop.ArchivioFatture - Try to register a new fattura 2021-10-22 1700.0 Cliente [codice=0002, denominazione=cliente prova 2, piva=IT0008768, indirizzo=via russo 4]
2021-11-09 12:53:16.027 [main] DEBUG it.eforhum.corsojava.oop.Cliente - richiamato metodo hash [{0}]
2021-11-09 12:53:16.027 [main] DEBUG it.eforhum.corsojava.oop.ArchivioFatture - Try to register a new fattura 2021-11-01 1100.0 Cliente [codice=0002, denominazione=cliente prova 2, piva=IT0008768, indirizzo=via russo 4]
2021-11-09 12:53:16.027 [main] DEBUG it.eforhum.corsojava.oop.Cliente - richiamato metodo hash [{0}]
2021-11-09 12:53:16.027 [main] DEBUG it.eforhum.corsojava.oop.ArchivioFatture - Try to register a new fattura 2021-11-05 700.0 Cliente [codice=0099, denominazione=cliente prova, piva=IT000000, indirizzo=via roma 1]
2021-11-09 12:53:16.027 [main] DEBUG it.eforhum.corsojava.oop.Cliente - richiamato metodo hash [{0}]
2021-11-09 12:53:16.028 [main] DEBUG it.eforhum.corsojava.oop.ArchivioFatture - Try to register a new fattura 2021-03-25 4500.0 Cliente [codice=0011, denominazione=cliente prova 3, piva=IT0047474, indirizzo=viale leonardo da vinci 11/a]
2021-11-09 12:53:16.028 [main] DEBUG it.eforhum.corsojava.oop.Cliente - richiamato metodo hash [{0}]
2021-11-09 12:53:16.028 [main] DEBUG it.eforhum.corsojava.oop.ArchivioFatture - Try to register a new fattura 2021-06-26 5700.0 Cliente [codice=0011, denominazione=cliente prova 3, piva=IT0047474, indirizzo=viale leonardo da vinci 11/a]
2021-11-09 12:53:16.029 [main] DEBUG it.eforhum.corsojava.oop.Cliente - richiamato metodo hash [{0}]
2021-11-09 12:53:16.029 [main] DEBUG it.eforhum.corsojava.oop.ArchivioFatture - Try to register a new fattura 2021-09-24 8700.0 Cliente [codice=0011, denominazione=cliente prova 3, piva=IT0047474, indirizzo=viale leonardo da vinci 11/a]
2021-11-09 12:53:16.029 [main] DEBUG it.eforhum.corsojava.oop.Cliente - richiamato metodo hash [{0}]
2021-11-09 12:53:16.029 [main] DEBUG it.eforhum.corsojava.oop.MainFatture - totale fatture 24400.0
2021-11-09 12:53:16.030 [main] DEBUG it.eforhum.corsojava.oop.MainFatture - Fattura [numero=1/2020, data=2021-08-01, importo=1500.0, cliente=Cliente [codice=0099, denominazione=cliente prova, piva=IT000000, indirizzo=via roma 1]]
2021-11-09 12:53:16.031 [main] DEBUG it.eforhum.corsojava.oop.MainFatture - Fattura [numero=2/2020, data=2021-09-05, importo=500.0, cliente=Cliente [codice=0002, denominazione=cliente prova 2, piva=IT0008768, indirizzo=via russo 4]]
2021-11-09 12:53:16.031 [main] DEBUG it.eforhum.corsojava.oop.MainFatture - Fattura [numero=3/2020, data=2021-10-22, importo=1700.0, cliente=Cliente [codice=0002, denominazione=cliente prova 2, piva=IT0008768, indirizzo=via russo 4]]
2021-11-09 12:53:16.031 [main] DEBUG it.eforhum.corsojava.oop.MainFatture - Fattura [numero=4/2020, data=2021-11-01, importo=1100.0, cliente=Cliente [codice=0002, denominazione=cliente prova 2, piva=IT0008768, indirizzo=via russo 4]]
2021-11-09 12:53:16.032 [main] DEBUG it.eforhum.corsojava.oop.MainFatture - Fattura [numero=5/2020, data=2021-11-05, importo=700.0, cliente=Cliente [codice=0099, denominazione=cliente prova, piva=IT000000, indirizzo=via roma 1]]
2021-11-09 12:53:16.032 [main] DEBUG it.eforhum.corsojava.oop.MainFatture - Fattura [numero=6/2020, data=2021-03-25, importo=4500.0, cliente=Cliente [codice=0011, denominazione=cliente prova 3, piva=IT0047474, indirizzo=viale leonardo da vinci 11/a]]
2021-11-09 12:53:16.032 [main] DEBUG it.eforhum.corsojava.oop.MainFatture - Fattura [numero=7/2020, data=2021-06-26, importo=5700.0, cliente=Cliente [codice=0011, denominazione=cliente prova 3, piva=IT0047474, indirizzo=viale leonardo da vinci 11/a]]
2021-11-09 12:53:16.032 [main] DEBUG it.eforhum.corsojava.oop.MainFatture - Fattura [numero=8/2020, data=2021-09-24, importo=8700.0, cliente=Cliente [codice=0011, denominazione=cliente prova 3, piva=IT0047474, indirizzo=viale leonardo da vinci 11/a]]
2021-11-09 12:53:16.032 [main] DEBUG it.eforhum.corsojava.oop.MainFatture - Cliente [codice=0011, denominazione=cliente prova 3, piva=IT0047474, indirizzo=viale leonardo da vinci 11/a]
2021-11-09 12:53:16.033 [main] DEBUG it.eforhum.corsojava.oop.MainFatture - Cliente [codice=0099, denominazione=cliente prova, piva=IT000000, indirizzo=via roma 1]
2021-11-09 12:53:16.033 [main] DEBUG it.eforhum.corsojava.oop.MainFatture - Cliente [codice=0002, denominazione=cliente prova 2, piva=IT0008768, indirizzo=via russo 4]
2021-11-09 12:53:16.033 [main] DEBUG it.eforhum.corsojava.oop.MainFatture - Tempo applicazione [27ms ]
2021-11-09 12:53:16.033 [main] INFO  it.eforhum.corsojava.oop.MainFatture - Archivio Fatture FINISHED
2021-11-09 12:53:42.829 [main] INFO  it.eforhum.corsojava.oop.MainFatture - Archivio Fatture STARTED
2021-11-09 12:53:42.833 [main] DEBUG it.eforhum.corsojava.oop.ArchivioFatture - Build a new instance of ArchivioFatture [2020]
2021-11-09 12:53:42.842 [main] DEBUG it.eforhum.corsojava.oop.ArchivioFatture - Try to register a new fattura 2021-08-01 1500.0 Cliente [codice=0099, denominazione=cliente prova, piva=IT000000, indirizzo=via roma 1]
2021-11-09 12:53:42.842 [main] DEBUG it.eforhum.corsojava.oop.Cliente - richiamato metodo hash [-637251830]
2021-11-09 12:53:42.843 [main] DEBUG it.eforhum.corsojava.oop.ArchivioFatture - Try to register a new fattura 2021-09-05 500.0 Cliente [codice=0002, denominazione=cliente prova 2, piva=IT0008768, indirizzo=via russo 4]
2021-11-09 12:53:42.843 [main] DEBUG it.eforhum.corsojava.oop.Cliente - richiamato metodo hash [1059400123]
2021-11-09 12:53:42.843 [main] DEBUG it.eforhum.corsojava.oop.ArchivioFatture - Try to register a new fattura 2021-10-22 1700.0 Cliente [codice=0002, denominazione=cliente prova 2, piva=IT0008768, indirizzo=via russo 4]
2021-11-09 12:53:42.843 [main] DEBUG it.eforhum.corsojava.oop.Cliente - richiamato metodo hash [1059400123]
2021-11-09 12:53:42.843 [main] DEBUG it.eforhum.corsojava.oop.ArchivioFatture - Try to register a new fattura 2021-11-01 1100.0 Cliente [codice=0002, denominazione=cliente prova 2, piva=IT0008768, indirizzo=via russo 4]
2021-11-09 12:53:42.844 [main] DEBUG it.eforhum.corsojava.oop.Cliente - richiamato metodo hash [1059400123]
2021-11-09 12:53:42.844 [main] DEBUG it.eforhum.corsojava.oop.ArchivioFatture - Try to register a new fattura 2021-11-05 700.0 Cliente [codice=0099, denominazione=cliente prova, piva=IT000000, indirizzo=via roma 1]
2021-11-09 12:53:42.844 [main] DEBUG it.eforhum.corsojava.oop.Cliente - richiamato metodo hash [-637251830]
2021-11-09 12:53:42.844 [main] DEBUG it.eforhum.corsojava.oop.ArchivioFatture - Try to register a new fattura 2021-03-25 4500.0 Cliente [codice=0011, denominazione=cliente prova 3, piva=IT0047474, indirizzo=viale leonardo da vinci 11/a]
2021-11-09 12:53:42.844 [main] DEBUG it.eforhum.corsojava.oop.Cliente - richiamato metodo hash [-675680760]
2021-11-09 12:53:42.845 [main] DEBUG it.eforhum.corsojava.oop.ArchivioFatture - Try to register a new fattura 2021-06-26 5700.0 Cliente [codice=0011, denominazione=cliente prova 3, piva=IT0047474, indirizzo=viale leonardo da vinci 11/a]
2021-11-09 12:53:42.845 [main] DEBUG it.eforhum.corsojava.oop.Cliente - richiamato metodo hash [-675680760]
2021-11-09 12:53:42.845 [main] DEBUG it.eforhum.corsojava.oop.ArchivioFatture - Try to register a new fattura 2021-09-24 8700.0 Cliente [codice=0011, denominazione=cliente prova 3, piva=IT0047474, indirizzo=viale leonardo da vinci 11/a]
2021-11-09 12:53:42.845 [main] DEBUG it.eforhum.corsojava.oop.Cliente - richiamato metodo hash [-675680760]
2021-11-09 12:53:42.845 [main] DEBUG it.eforhum.corsojava.oop.MainFatture - totale fatture 24400.0
2021-11-09 12:53:42.846 [main] DEBUG it.eforhum.corsojava.oop.MainFatture - Fattura [numero=1/2020, data=2021-08-01, importo=1500.0, cliente=Cliente [codice=0099, denominazione=cliente prova, piva=IT000000, indirizzo=via roma 1]]
2021-11-09 12:53:42.846 [main] DEBUG it.eforhum.corsojava.oop.MainFatture - Fattura [numero=2/2020, data=2021-09-05, importo=500.0, cliente=Cliente [codice=0002, denominazione=cliente prova 2, piva=IT0008768, indirizzo=via russo 4]]
2021-11-09 12:53:42.847 [main] DEBUG it.eforhum.corsojava.oop.MainFatture - Fattura [numero=3/2020, data=2021-10-22, importo=1700.0, cliente=Cliente [codice=0002, denominazione=cliente prova 2, piva=IT0008768, indirizzo=via russo 4]]
2021-11-09 12:53:42.847 [main] DEBUG it.eforhum.corsojava.oop.MainFatture - Fattura [numero=4/2020, data=2021-11-01, importo=1100.0, cliente=Cliente [codice=0002, denominazione=cliente prova 2, piva=IT0008768, indirizzo=via russo 4]]
2021-11-09 12:53:42.847 [main] DEBUG it.eforhum.corsojava.oop.MainFatture - Fattura [numero=5/2020, data=2021-11-05, importo=700.0, cliente=Cliente [codice=0099, denominazione=cliente prova, piva=IT000000, indirizzo=via roma 1]]
2021-11-09 12:53:42.847 [main] DEBUG it.eforhum.corsojava.oop.MainFatture - Fattura [numero=6/2020, data=2021-03-25, importo=4500.0, cliente=Cliente [codice=0011, denominazione=cliente prova 3, piva=IT0047474, indirizzo=viale leonardo da vinci 11/a]]
2021-11-09 12:53:42.847 [main] DEBUG it.eforhum.corsojava.oop.MainFatture - Fattura [numero=7/2020, data=2021-06-26, importo=5700.0, cliente=Cliente [codice=0011, denominazione=cliente prova 3, piva=IT0047474, indirizzo=viale leonardo da vinci 11/a]]
2021-11-09 12:53:42.848 [main] DEBUG it.eforhum.corsojava.oop.MainFatture - Fattura [numero=8/2020, data=2021-09-24, importo=8700.0, cliente=Cliente [codice=0011, denominazione=cliente prova 3, piva=IT0047474, indirizzo=viale leonardo da vinci 11/a]]
2021-11-09 12:53:42.848 [main] DEBUG it.eforhum.corsojava.oop.MainFatture - Cliente [codice=0011, denominazione=cliente prova 3, piva=IT0047474, indirizzo=viale leonardo da vinci 11/a]
2021-11-09 12:53:42.848 [main] DEBUG it.eforhum.corsojava.oop.MainFatture - Cliente [codice=0099, denominazione=cliente prova, piva=IT000000, indirizzo=via roma 1]
2021-11-09 12:53:42.848 [main] DEBUG it.eforhum.corsojava.oop.MainFatture - Cliente [codice=0002, denominazione=cliente prova 2, piva=IT0008768, indirizzo=via russo 4]
2021-11-09 12:53:42.848 [main] DEBUG it.eforhum.corsojava.oop.MainFatture - Tempo applicazione [21ms ]
2021-11-09 12:53:42.848 [main] INFO  it.eforhum.corsojava.oop.MainFatture - Archivio Fatture FINISHED
2021-11-10 09:56:56.143 [main] INFO  it.eforhum.corsojava.oop.MainFatture - Archivio Fatture STARTED
2021-11-10 09:56:56.147 [main] DEBUG it.eforhum.corsojava.oop.ArchivioFatture - Build a new instance of ArchivioFatture [2020]
2021-11-10 09:56:56.153 [main] DEBUG it.eforhum.corsojava.oop.ArchivioFatture - Try to register a new fattura 2021-08-01 1500.0 Cliente [codice=0099, denominazione=cliente prova, piva=IT000000, indirizzo=via roma 1]
2021-11-10 09:56:56.154 [main] DEBUG it.eforhum.corsojava.oop.Cliente - richiamato metodo hash [-637251830]
2021-11-10 09:56:56.154 [main] DEBUG it.eforhum.corsojava.oop.ArchivioFatture - Try to register a new fattura 2021-09-05 500.0 Cliente [codice=0002, denominazione=cliente prova 2, piva=IT0008768, indirizzo=via russo 4]
2021-11-10 09:56:56.154 [main] DEBUG it.eforhum.corsojava.oop.Cliente - richiamato metodo hash [1059400123]
2021-11-10 09:56:56.154 [main] DEBUG it.eforhum.corsojava.oop.ArchivioFatture - Try to register a new fattura 2021-10-22 1700.0 Cliente [codice=0002, denominazione=cliente prova 2, piva=IT0008768, indirizzo=via russo 4]
2021-11-10 09:56:56.154 [main] DEBUG it.eforhum.corsojava.oop.Cliente - richiamato metodo hash [1059400123]
2021-11-10 09:56:56.155 [main] DEBUG it.eforhum.corsojava.oop.ArchivioFatture - Try to register a new fattura 2021-11-01 1100.0 Cliente [codice=0002, denominazione=cliente prova 2, piva=IT0008768, indirizzo=via russo 4]
2021-11-10 09:56:56.155 [main] DEBUG it.eforhum.corsojava.oop.Cliente - richiamato metodo hash [1059400123]
2021-11-10 09:56:56.155 [main] DEBUG it.eforhum.corsojava.oop.ArchivioFatture - Try to register a new fattura 2021-11-05 700.0 Cliente [codice=0099, denominazione=cliente prova, piva=IT000000, indirizzo=via roma 1]
2021-11-10 09:56:56.155 [main] DEBUG it.eforhum.corsojava.oop.Cliente - richiamato metodo hash [-637251830]
2021-11-10 09:56:56.155 [main] DEBUG it.eforhum.corsojava.oop.ArchivioFatture - Try to register a new fattura 2021-03-25 4500.0 Cliente [codice=0011, denominazione=cliente prova 3, piva=IT0047474, indirizzo=viale leonardo da vinci 11/a]
2021-11-10 09:56:56.155 [main] DEBUG it.eforhum.corsojava.oop.Cliente - richiamato metodo hash [-675680760]
2021-11-10 09:56:56.155 [main] DEBUG it.eforhum.corsojava.oop.ArchivioFatture - Try to register a new fattura 2021-06-26 5700.0 Cliente [codice=0011, denominazione=cliente prova 3, piva=IT0047474, indirizzo=viale leonardo da vinci 11/a]
2021-11-10 09:56:56.156 [main] DEBUG it.eforhum.corsojava.oop.Cliente - richiamato metodo hash [-675680760]
2021-11-10 09:56:56.156 [main] DEBUG it.eforhum.corsojava.oop.ArchivioFatture - Try to register a new fattura 2021-09-24 8700.0 Cliente [codice=0011, denominazione=cliente prova 3, piva=IT0047474, indirizzo=viale leonardo da vinci 11/a]
2021-11-10 09:56:56.156 [main] DEBUG it.eforhum.corsojava.oop.Cliente - richiamato metodo hash [-675680760]
2021-11-10 09:56:56.156 [main] DEBUG it.eforhum.corsojava.oop.MainFatture - totale fatture 24400.0
2021-11-10 09:56:56.157 [main] DEBUG it.eforhum.corsojava.oop.MainFatture - Fattura [numero=1/2020, data=2021-08-01, importo=1500.0, cliente=Cliente [codice=0099, denominazione=cliente prova, piva=IT000000, indirizzo=via roma 1]]
2021-11-10 09:56:56.157 [main] DEBUG it.eforhum.corsojava.oop.MainFatture - Fattura [numero=2/2020, data=2021-09-05, importo=500.0, cliente=Cliente [codice=0002, denominazione=cliente prova 2, piva=IT0008768, indirizzo=via russo 4]]
2021-11-10 09:56:56.157 [main] DEBUG it.eforhum.corsojava.oop.MainFatture - Fattura [numero=3/2020, data=2021-10-22, importo=1700.0, cliente=Cliente [codice=0002, denominazione=cliente prova 2, piva=IT0008768, indirizzo=via russo 4]]
2021-11-10 09:56:56.157 [main] DEBUG it.eforhum.corsojava.oop.MainFatture - Fattura [numero=4/2020, data=2021-11-01, importo=1100.0, cliente=Cliente [codice=0002, denominazione=cliente prova 2, piva=IT0008768, indirizzo=via russo 4]]
2021-11-10 09:56:56.157 [main] DEBUG it.eforhum.corsojava.oop.MainFatture - Fattura [numero=5/2020, data=2021-11-05, importo=700.0, cliente=Cliente [codice=0099, denominazione=cliente prova, piva=IT000000, indirizzo=via roma 1]]
2021-11-10 09:56:56.157 [main] DEBUG it.eforhum.corsojava.oop.MainFatture - Fattura [numero=6/2020, data=2021-03-25, importo=4500.0, cliente=Cliente [codice=0011, denominazione=cliente prova 3, piva=IT0047474, indirizzo=viale leonardo da vinci 11/a]]
2021-11-10 09:56:56.157 [main] DEBUG it.eforhum.corsojava.oop.MainFatture - Fattura [numero=7/2020, data=2021-06-26, importo=5700.0, cliente=Cliente [codice=0011, denominazione=cliente prova 3, piva=IT0047474, indirizzo=viale leonardo da vinci 11/a]]
2021-11-10 09:56:56.158 [main] DEBUG it.eforhum.corsojava.oop.MainFatture - Fattura [numero=8/2020, data=2021-09-24, importo=8700.0, cliente=Cliente [codice=0011, denominazione=cliente prova 3, piva=IT0047474, indirizzo=viale leonardo da vinci 11/a]]
2021-11-10 09:56:56.158 [main] DEBUG it.eforhum.corsojava.oop.MainFatture - Cliente [codice=0011, denominazione=cliente prova 3, piva=IT0047474, indirizzo=viale leonardo da vinci 11/a]
2021-11-10 09:56:56.158 [main] DEBUG it.eforhum.corsojava.oop.MainFatture - Cliente [codice=0099, denominazione=cliente prova, piva=IT000000, indirizzo=via roma 1]
2021-11-10 09:56:56.158 [main] DEBUG it.eforhum.corsojava.oop.MainFatture - Cliente [codice=0002, denominazione=cliente prova 2, piva=IT0008768, indirizzo=via russo 4]
2021-11-10 09:56:56.159 [main] DEBUG it.eforhum.corsojava.oop.MainFatture - Tempo applicazione [18ms ]
2021-11-10 09:56:56.159 [main] INFO  it.eforhum.corsojava.oop.MainFatture - Archivio Fatture FINISHED
